<?xml version="1.0" encoding="UTF-8"?>
<!-- Generated by org.testng.reporters.JUnitReportReporter -->
<testsuite skipped="0" hostname="DESKTOP-FOV1V00" name="gov.uk.check.visa.testsuite.VisaConfirmationTest" tests="1" failures="0" timestamp="2023-07-01T00:36:47 BST" time="13.029" errors="0">
  <testcase name="anAustralianCominToUKForTourism" time="13.029" classname="gov.uk.check.visa.testsuite.VisaConfirmationTest"/>
  <system-out/>
</testsuite> <!-- gov.uk.check.visa.testsuite.VisaConfirmationTest -->
