<?xml version="1.0" encoding="UTF-8"?>
<!-- Generated by org.testng.reporters.JUnitReportReporter -->
<testsuite skipped="0" hostname="DESKTOP-FOV1V00" name="com.parabank.testsuite.RegisterPageTest" tests="2" failures="0" timestamp="2023-06-27T23:06:27 BST" time="23.581" errors="0">
  <testcase name="userSholdRegisterAccountSuccessfully" time="13.650" classname="com.parabank.testsuite.RegisterPageTest"/>
  <system-out>
    <![CDATA[account ctreated textBy.xpath: //div[@id='rightPanel']/p]]>
  </system-out>
  <testcase name="verifyThatSigningUpPageDisplay" time="9.931" classname="com.parabank.testsuite.RegisterPageTest"/>
  <system-out>
    <![CDATA[get welcome textBy.xpath: //div[@id='rightPanel']/h1]]>
  </system-out>
</testsuite> <!-- com.parabank.testsuite.RegisterPageTest -->
