<?xml version="1.0" encoding="UTF-8"?>
<!-- Generated by org.testng.reporters.JUnitReportReporter -->
<testsuite skipped="0" hostname="DESKTOP-FOV1V00" name="com.parabank.testsuite.LoginPageTest" tests="3" failures="0" timestamp="2023-06-27T22:57:12 BST" time="27.789" errors="0">
  <testcase name="verifyTheErrorMessage" time="11.036" classname="com.parabank.testsuite.LoginPageTest"/>
  <system-out>
    <![CDATA[Enter email IDjayeshpate]]>
  </system-out>
  <testcase name="userShouldLoginSuccessfullyWithValidCredentials" time="8.893" classname="com.parabank.testsuite.LoginPageTest"/>
  <system-out>
    <![CDATA[Enter email IDjayeshpatel]]>
  </system-out>
  <testcase name="userShouldLogOutSuccessfully" time="7.860" classname="com.parabank.testsuite.LoginPageTest"/>
  <system-out>
    <![CDATA[Enter email IDabcd1234
logout  textBy.xpath: //div[@id='leftPanel']/h2]]>
  </system-out>
</testsuite> <!-- com.parabank.testsuite.LoginPageTest -->
