<?xml version="1.0" encoding="UTF-8"?>
<!-- Generated by org.testng.reporters.JUnitReportReporter -->
<testsuite skipped="0" hostname="DESKTOP-FOV1V00" name="com.tutorialsninja.testsuite.LaptopsAndNotebooksTest" tests="2" failures="0" timestamp="2023-06-27T23:23:16 BST" time="36.586" errors="0">
  <testcase name="verifyProductsPriceDisplayHighToLowSuccessfully" time="12.235" classname="com.tutorialsninja.testsuite.LaptopsAndNotebooksTest"/>
  <system-out/>
  <testcase name="verifyThatUserPlaceOrderSuccessfully" time="24.351" classname="com.tutorialsninja.testsuite.LaptopsAndNotebooksTest"/>
  <system-out/>
</testsuite> <!-- com.tutorialsninja.testsuite.LaptopsAndNotebooksTest -->
