<?xml version="1.0" encoding="UTF-8"?>
<!-- Generated by org.testng.reporters.JUnitReportReporter -->
<testsuite skipped="0" hostname="DESKTOP-FOV1V00" name="com.tutorialsninja.testsuite.TopMenuPageTest" tests="3" failures="0" timestamp="2023-06-27T23:13:09 BST" time="29.968" errors="0">
  <testcase name="verifyUserShouldNavigateToComponentsPageSuccessfully" time="10.486" classname="com.tutorialsninja.testsuite.TopMenuPageTest"/>
  <system-out/>
  <testcase name="verifyUserShouldNavigateToDesktopsPageSuccessfully" time="8.882" classname="com.tutorialsninja.testsuite.TopMenuPageTest"/>
  <system-out/>
  <testcase name="verifyUserShouldNavigateToLaptopsAndNotebooksPageSuccessfully" time="10.600" classname="com.tutorialsninja.testsuite.TopMenuPageTest"/>
  <system-out/>
</testsuite> <!-- com.tutorialsninja.testsuite.TopMenuPageTest -->
