<?xml version="1.0" encoding="UTF-8"?>
<!-- Generated by org.testng.reporters.JUnitReportReporter -->
<testsuite skipped="0" hostname="DESKTOP-FOV1V00" name="com.tutorialsninja.testsuite.MyAccountPageTest" tests="4" failures="0" timestamp="2023-06-27T23:19:27 BST" time="47.858" errors="0">
  <testcase name="verifyUserShouldNavigateToRegisterPageSuccessfully" time="12.387" classname="com.tutorialsninja.testsuite.MyAccountPageTest"/>
  <system-out/>
  <testcase name="verifyThatUserRegisterAccountSuccessfully" time="13.583" classname="com.tutorialsninja.testsuite.MyAccountPageTest"/>
  <system-out/>
  <testcase name="verifyUserShouldNavigateToLoginPageSuccessfully" time="8.151" classname="com.tutorialsninja.testsuite.MyAccountPageTest"/>
  <system-out/>
  <testcase name="verifyThatUserShouldLoginAndLogoutSuccessfully" time="13.737" classname="com.tutorialsninja.testsuite.MyAccountPageTest"/>
  <system-out/>
</testsuite> <!-- com.tutorialsninja.testsuite.MyAccountPageTest -->
