<?xml version="1.0" encoding="UTF-8"?>
<!-- Generated by org.testng.reporters.JUnitReportReporter -->
<testsuite skipped="0" hostname="DESKTOP-FOV1V00" name="com.tutorialsninja.testsuite.DesktopsPageTest" tests="2" failures="0" timestamp="2023-06-27T23:28:20 BST" time="31.423" errors="0">
  <testcase name="verifyProductAddedToShoppingCartSuccessFully" time="17.669" classname="com.tutorialsninja.testsuite.DesktopsPageTest"/>
  <system-out/>
  <testcase name="verifyProductArrangeInAlphaBaticalOrder" time="13.754" classname="com.tutorialsninja.testsuite.DesktopsPageTest"/>
  <system-out/>
</testsuite> <!-- com.tutorialsninja.testsuite.DesktopsPageTest -->
