<?xml version="1.0" encoding="UTF-8"?>
<!-- Generated by org.testng.reporters.JUnitReportReporter -->
<testsuite skipped="0" hostname="DESKTOP-FOV1V00" name="com.nopcommerce.demo.testsuite.ComputerPageTest" tests="2" failures="0" timestamp="2023-06-27T22:48:43 BST" time="38.494" errors="0">
  <testcase name="verifyProductAddedToShoppingCartSuccessFully" time="26.749" classname="com.nopcommerce.demo.testsuite.ComputerPageTest"/>
  <system-out>
    <![CDATA[biult textBy.xpath: //div[@class='center-1']/div[1]/div[1]/form[1]/div[2]/div[1]/div[2]/div[1]/h1
price textBy.xpath: //div[@class='product-price']/span[1]
aad to cart textBy.id: add-to-cart-button-1
shopping cart msg textBy.xpath: //div[@class='master-wrapper-content']/div[1]/div[1]/div[1]/div[1]/h1
total textBy.xpath: //div[@class='center-1']/div[1]/div[2]/div[1]/form[1]/div[1]/table[1]/tbody/tr[1]/td[6]/span[1]
get welcome textBy.xpath: //div[@class='master-wrapper-content']/div[1]/div[1]/div[1]/div[1]/h1
payment textBy.xpath: //div[@id='checkout-step-confirm-order']/div[1]/div[1]/div[1]/div[1]/div[1]/div[1]/div[2]/ul[1]/li[1]/span[2]
shipping textBy.xpath: //div[@class='cart-footer']/div/div[1]/table/tbody/tr[2]/td/span[1]
total textBy.xpath: //div[@class='cart-footer']/div/div[1]/table/tbody/tr[4]/td[2]/span[1]
thank textBy.xpath: //div[@class='master-wrapper-page']/div[3]/div[1]/div[1]/div[1]/div[1]/h1
success textBy.xpath: //div[@class='center-1']/div[1]/div[2]/div[1]/div[1]
get welcome textBy.xpath: //div[@class='topic-block-title']/h2]]>
  </system-out>
  <testcase name="name" time="11.745" classname="com.nopcommerce.demo.testsuite.ComputerPageTest"/>
  <system-out>
    <![CDATA[discending order textBy.xpath: //select[@id='products-orderby']/option[3]]]>
  </system-out>
</testsuite> <!-- com.nopcommerce.demo.testsuite.ComputerPageTest -->
